#
# There is insufficient memory for the Java Runtime Environment to continue.
# Native memory allocation (mmap) failed to map 134217728 bytes. Error detail: G1 virtual space
# Possible reasons:
#   The system is out of physical RAM or swap space
#   This process is running with CompressedOops enabled, and the Java Heap may be blocking the growth of the native heap
# Possible solutions:
#   Reduce memory load on the system
#   Increase physical memory or swap space
#   Check if swap backing store is full
#   Decrease Java heap size (-Xmx/-Xms)
#   Decrease number of Java threads
#   Decrease Java thread stack sizes (-Xss)
#   Set larger code cache with -XX:ReservedCodeCacheSize=
#   JVM is running with Unscaled Compressed Oops mode in which the Java heap is
#     placed in the first 4GB address space. The Java Heap base address is the
#     maximum limit for the native heap growth. Please use -XX:HeapBaseMinAddress
#     to set the Java Heap base and to place the Java Heap above 4GB virtual address.
# This output file may be truncated or incomplete.
#
#  Out of Memory Error (os_windows.cpp:3737), pid=13760, tid=12340
#
# JRE version:  (21.0.10+7) (build )
# Java VM: OpenJDK 64-Bit Server VM (21.0.10+7-LTS, mixed mode, sharing, tiered, compressed oops, compressed class ptrs, g1 gc, windows-amd64)
# No core dump will be written. Minidumps are not enabled by default on client versions of Windows
#

---------------  S U M M A R Y ------------

Command Line: 

Host: Intel(R) Core(TM) i5-6200U CPU @ 2.30GHz, 4 cores, 7G,  Windows 10 , 64 bit Build 19041 (10.0.19041.7181)
Time: Wed Apr 22 11:00:03 2026 Sri Lanka Standard Time elapsed time: 0.030953 seconds (0d 0h 0m 0s)

---------------  T H R E A D  ---------------

Current thread (0x0000020f8d63e5d0):  JavaThread "Unknown thread" [_thread_in_vm, id=12340, stack(0x00000047d4b00000,0x00000047d4c00000) (1024K)]

Stack: [0x00000047d4b00000,0x00000047d4c00000]
Native frames: (J=compiled Java code, j=interpreted, Vv=VM code, C=native code)
V  [jvm.dll+0x6dfe69]  (no source info available)
V  [jvm.dll+0x8bfe4b]  (no source info available)
V  [jvm.dll+0x8c23da]  (no source info available)
V  [jvm.dll+0x8c2ab3]  (no source info available)
V  [jvm.dll+0x28a9e6]  (no source info available)
V  [jvm.dll+0x6df315]  (no source info available)
V  [jvm.dll+0x6d325a]  (no source info available)
V  [jvm.dll+0x367a0e]  (no source info available)
V  [jvm.dll+0x36f8db]  (no source info available)
V  [jvm.dll+0x3c13a9]  (no source info available)
V  [jvm.dll+0x3c164b]  (no source info available)
V  [jvm.dll+0x33b2c7]  (no source info available)
V  [jvm.dll+0x33be0b]  (no source info available)
V  [jvm.dll+0x88a37e]  (no source info available)
V  [jvm.dll+0x3ce301]  (no source info available)
V  [jvm.dll+0x87328c]  (no source info available)
V  [jvm.dll+0x461f31]  (no source info available)
V  [jvm.dll+0x463b71]  (no source info available)
C  [jli.dll+0x52f0]  (no source info available)
C  [ucrtbase.dll+0x21bb2]  (no source info available)
C  [KERNEL32.DLL+0x17374]  (no source info available)
C  [ntdll.dll+0x4cc91]  (no source info available)


---------------  P R O C E S S  ---------------

Threads class SMR info:
_java_thread_list=0x00007ff874067288, length=0, elements={
}

Java Threads: ( => current thread )
Total: 0

Other Threads:
  0x0000020f8f8d1770 WorkerThread "GC Thread#0"                     [id=13724, stack(0x00000047d4d00000,0x00000047d4e00000) (1024K)]
  0x0000020f8f8e2420 ConcurrentGCThread "G1 Main Marker"            [id=1612, stack(0x00000047d4e00000,0x00000047d4f00000) (1024K)]
  0x0000020f8f8e30e0 WorkerThread "G1 Conc#0"                       [id=9388, stack(0x00000047d4f00000,0x00000047d5000000) (1024K)]

[error occurred during error reporting (printing all threads), id 0xc0000005, EXCEPTION_ACCESS_VIOLATION (0xc0000005) at pc=0x00007ff87375dd87]
VM state: not at safepoint (not fully initialized)

VM Mutex/Monitor currently owned by a thread:  ([mutex/lock_event])
[0x00007ff8740db9a0] Heap_lock - owner thread: 0x0000020f8d63e5d0

Heap address: 0x0000000081a00000, size: 2022 MB, Compressed Oops mode: 32-bit

CDS archive(s) mapped at: [0x0000000000000000-0x0000000000000000-0x0000000000000000), size 0, SharedBaseAddress: 0x0000000800000000, ArchiveRelocationMode: 1.
Narrow klass base: 0x0000000000000000, Narrow klass shift: 0, Narrow klass range: 0x0

GC Precious Log:
 CardTable entry size: 512
 Card Set container configuration: InlinePtr #cards 5 size 8 Array Of Cards #cards 12 size 40 Howl #buckets 4 coarsen threshold 1843 Howl Bitmap #cards 512 size 80 coarsen threshold 460 Card regions per heap region 1 cards per card region 2048

Heap:
 garbage-first heap   total 0K, used 0K [0x0000000081a00000, 0x0000000100000000)
  region size 1024K, 0 young (0K), 0 survivors (0K)

[error occurred during error reporting (printing heap information), id 0xc0000005, EXCEPTION_ACCESS_VIOLATION (0xc0000005) at pc=0x00007ff873b4ce29]
GC Heap History (0 events):
No events

Dll operation events (1 events):
Event: 0.020 Loaded shared library C:\Users\a\.jdks\ms-21.0.10\bin\java.dll

Deoptimization events (0 events):
No events

Classes loaded (0 events):
No events

Classes unloaded (0 events):
No events

Classes redefined (0 events):
No events

Internal exceptions (0 events):
No events

ZGC Phase Switch (0 events):
No events

VM Operations (0 events):
No events

Memory protections (0 events):
No events

Nmethod flushes (0 events):
No events

Events (0 events):
No events


Dynamic libraries:
0x00007ff7213b0000 - 0x00007ff7213be000 	C:\Users\a\.jdks\ms-21.0.10\bin\java.exe
0x00007ff8af9f0000 - 0x00007ff8afbe8000 	C:\WINDOWS\SYSTEM32\ntdll.dll
0x00007ff8af760000 - 0x00007ff8af822000 	C:\WINDOWS\System32\KERNEL32.DLL
0x00007ff8ad6f0000 - 0x00007ff8ad9e7000 	C:\WINDOWS\System32\KERNELBASE.dll
0x00007ff8ad060000 - 0x00007ff8ad160000 	C:\WINDOWS\System32\ucrtbase.dll
0x00007ff89c010000 - 0x00007ff89c028000 	C:\Users\a\.jdks\ms-21.0.10\bin\jli.dll
0x00007ff8ae0a0000 - 0x00007ff8ae23d000 	C:\WINDOWS\System32\USER32.dll
0x00007ff8ad160000 - 0x00007ff8ad182000 	C:\WINDOWS\System32\win32u.dll
0x00007ff8aeb80000 - 0x00007ff8aebab000 	C:\WINDOWS\System32\GDI32.dll
0x00007ff8ad2e0000 - 0x00007ff8ad3fa000 	C:\WINDOWS\System32\gdi32full.dll
0x00007ff8ad240000 - 0x00007ff8ad2dd000 	C:\WINDOWS\System32\msvcp_win.dll
0x00007ff89c7f0000 - 0x00007ff89c80e000 	C:\Users\a\.jdks\ms-21.0.10\bin\VCRUNTIME140.dll
0x00007ff8985e0000 - 0x00007ff89887b000 	C:\WINDOWS\WinSxS\amd64_microsoft.windows.common-controls_6595b64144ccf1df_6.0.19041.6926_none_60b5a53971f8f7e6\COMCTL32.dll
0x00007ff8aebc0000 - 0x00007ff8aec5e000 	C:\WINDOWS\System32\msvcrt.dll
0x00007ff8ae240000 - 0x00007ff8ae26f000 	C:\WINDOWS\System32\IMM32.DLL
0x00007ff8aa5b0000 - 0x00007ff8aa5bc000 	C:\Users\a\.jdks\ms-21.0.10\bin\vcruntime140_1.dll
0x00007ff886390000 - 0x00007ff886419000 	C:\Users\a\.jdks\ms-21.0.10\bin\msvcp140.dll
0x00007ff873410000 - 0x00007ff8741bd000 	C:\Users\a\.jdks\ms-21.0.10\bin\server\jvm.dll
0x00007ff8aee70000 - 0x00007ff8aef21000 	C:\WINDOWS\System32\ADVAPI32.dll
0x00007ff8af830000 - 0x00007ff8af8cf000 	C:\WINDOWS\System32\sechost.dll
0x00007ff8aea50000 - 0x00007ff8aeb76000 	C:\WINDOWS\System32\RPCRT4.dll
0x00007ff8ad6c0000 - 0x00007ff8ad6e7000 	C:\WINDOWS\System32\bcrypt.dll
0x00007ff8ade90000 - 0x00007ff8adefb000 	C:\WINDOWS\System32\WS2_32.dll
0x00007ff8ac5b0000 - 0x00007ff8ac5fb000 	C:\WINDOWS\SYSTEM32\POWRPROF.dll
0x00007ff89d730000 - 0x00007ff89d757000 	C:\WINDOWS\SYSTEM32\WINMM.dll
0x00007ff8a5c90000 - 0x00007ff8a5c9a000 	C:\WINDOWS\SYSTEM32\VERSION.dll
0x00007ff8ac420000 - 0x00007ff8ac432000 	C:\WINDOWS\SYSTEM32\UMPDC.dll
0x00007ff8aaed0000 - 0x00007ff8aaee2000 	C:\WINDOWS\SYSTEM32\kernel.appcore.dll
0x00007ff8a7cb0000 - 0x00007ff8a7cba000 	C:\Users\a\.jdks\ms-21.0.10\bin\jimage.dll
0x00007ff89b690000 - 0x00007ff89b891000 	C:\WINDOWS\SYSTEM32\DBGHELP.DLL
0x00007ff898950000 - 0x00007ff898984000 	C:\WINDOWS\SYSTEM32\dbgcore.DLL
0x00007ff8ad400000 - 0x00007ff8ad482000 	C:\WINDOWS\System32\bcryptPrimitives.dll
0x00007ff895440000 - 0x00007ff895461000 	C:\Users\a\.jdks\ms-21.0.10\bin\java.dll

JVMTI agents: none

dbghelp: loaded successfully - version: 4.0.5 - missing functions: none
symbol engine: initialized successfully - sym options: 0x614 - pdb path: .;C:\Users\a\.jdks\ms-21.0.10\bin;C:\WINDOWS\SYSTEM32;C:\WINDOWS\WinSxS\amd64_microsoft.windows.common-controls_6595b64144ccf1df_6.0.19041.6926_none_60b5a53971f8f7e6;C:\Users\a\.jdks\ms-21.0.10\bin\server

VM Arguments:
java_command: <unknown>
java_class_path (initial): <not set>
Launcher Type: SUN_STANDARD

[Global flags]
     intx CICompilerCount                          = 3                                         {product} {ergonomic}
     uint ConcGCThreads                            = 1                                         {product} {ergonomic}
     uint G1ConcRefinementThreads                  = 4                                         {product} {ergonomic}
   size_t G1HeapRegionSize                         = 1048576                                   {product} {ergonomic}
    uintx GCDrainStackTargetSize                   = 64                                        {product} {ergonomic}
   size_t InitialHeapSize                          = 134217728                                 {product} {ergonomic}
   size_t MarkStackSize                            = 4194304                                   {product} {ergonomic}
   size_t MaxHeapSize                              = 2120220672                                {product} {ergonomic}
   size_t MinHeapDeltaBytes                        = 1048576                                   {product} {ergonomic}
   size_t MinHeapSize                              = 8388608                                   {product} {ergonomic}
    uintx NonNMethodCodeHeapSize                   = 5832780                                {pd product} {ergonomic}
    uintx NonProfiledCodeHeapSize                  = 122912730                              {pd product} {ergonomic}
    uintx ProfiledCodeHeapSize                     = 122912730                              {pd product} {ergonomic}
    uintx ReservedCodeCacheSize                    = 251658240                              {pd product} {ergonomic}
     bool SegmentedCodeCache                       = true                                      {product} {ergonomic}
   size_t SoftMaxHeapSize                          = 2120220672                             {manageable} {ergonomic}
     bool UseCompressedOops                        = true                           {product lp64_product} {ergonomic}
     bool UseG1GC                                  = true                                      {product} {ergonomic}
     bool UseLargePagesIndividualAllocation        = false                                  {pd product} {ergonomic}

Logging:
Log output configuration:
 #0: stdout all=warning uptime,level,tags foldmultilines=false
 #1: stderr all=off uptime,level,tags foldmultilines=false

Release file:
<release file has not been read>
Environment Variables:
PATH=C:\WINDOWS\system32;C:\WINDOWS;C:\WINDOWS\System32\Wbem;C:\WINDOWS\System32\WindowsPowerShell\v1.0\;C:\WINDOWS\System32\OpenSSH\;C:\Users\a\AppData\Local\nvm;C:\nvm4w\nodejs;C:\Program Files\Git\cmd;C:\Program Files (x86)\ATI Technologies\ATI.ACE\Core-Static;C:\Program Files (x86)\AMD\ATI.ACE\Core-Static;C:\Program Files\MySQL\MySQL Shell 8.0\bin\;C:\Users\a\AppData\Local\Programs\Python\Python313\Scripts\;C:\Users\a\AppData\Local\Programs\Python\Python313\;C:\Users\a\AppData\Local\Microsoft\WindowsApps;C:\Users\a\AppData\Local\nvm;C:\nvm4w\nodejs;C:\Users\a\AppData\Local\Programs\Microsoft VS Code\bin;C:\Program Files\JetBrains\IntelliJ IDEA 2024.2\bin;;C:\Program Files (x86)\Atmel\Flip 3.4.7\bin;C:\Program Files\Tesseract-OCR\;C:\poppler\poppler-25.12.0\Library\bin;
USERNAME=a
OS=Windows_NT
PROCESSOR_IDENTIFIER=Intel64 Family 6 Model 78 Stepping 3, GenuineIntel
TMP=C:\Users\a\AppData\Local\Temp
TEMP=C:\Users\a\AppData\Local\Temp




Periodic native trim disabled

---------------  S Y S T E M  ---------------

OS:
 Windows 10 , 64 bit Build 19041 (10.0.19041.7181)
OS uptime: 0 days 10:36 hours

CPU: total 4 (initial active 4) (2 cores per cpu, 2 threads per core) family 6 model 78 stepping 3 microcode 0xcc, cx8, cmov, fxsr, ht, mmx, 3dnowpref, sse, sse2, sse3, ssse3, sse4.1, sse4.2, popcnt, lzcnt, tsc, tscinvbit, avx, avx2, aes, erms, clmul, bmi1, bmi2, adx, fma, vzeroupper, clflush, clflushopt, rdtscp, f16c
Processor Information for the first 4 processors :
  Max Mhz: 2400, Current Mhz: 2300, Mhz Limit: 2280

Memory: 4k page, system-wide physical 8085M (584M free)
TotalPageFile size 20804M (AvailPageFile size 131M)
current process WorkingSet (physical memory assigned to process): 10M, peak: 10M
current process commit charge ("private bytes"): 51M, peak: 179M

vm_info: OpenJDK 64-Bit Server VM (21.0.10+7-LTS) for windows-amd64 JRE (21.0.10+7-LTS), built on 2026-01-15T18:39:42Z by "MicrosoftCorporation" with MS VC++ 17.14 (VS2022)

END.
